<?xml version="1.0" encoding="UTF-8"?>
<!-- Generated by org.testng.reporters.JUnitReportReporter -->
<testsuite hostname="nishant191" failures="0" tests="1" name="Automation.ShadowDomElements.ShadowDomElements" time="5.118" errors="0" timestamp="2022-11-21T10:54:11 IST" skipped="0">
  <testcase classname="Automation.ShadowDomElements.ShadowDomElements" name="testGetText_FromShadowDOMElements" time="5.118"/>
  <system-out/>
</testsuite> <!-- Automation.ShadowDomElements.ShadowDomElements -->
